<testsuites>
<testsuite name="Events_Access_public_events" timestamp="2020-12-04T08:06:04" time="16.352" tests="1" failures="0" errors="0" skipped="0">
<properties>
<property name="specId" value="0"/>
<property name="featureName" value="[Events] Access public events"/>
<property name="capabilities" value="firefox.82_0.linux"/>
<property name="featureFile" value="./src/features/events/access-public-events.feature"/>
</properties>
<testcase classname="CucumberJUnitReport-firefox.82_0.linux.Events_Access_public_events" name="Events_Access_public_events.As_a_WWW_user_the_user_wants_to_see_a_public_event" time="16.287" file="./src/features/events/access-public-events.feature">
<system-out>
<![CDATA[ ✅ Given the user goes to "events home" page✅ And the user is on the "events home" page✅ When the user selects the 1st "event"✅ Then the user is on the "event" page✅ And the user sees the event informations ]]>
</system-out>
</testcase>
</testsuite>
</testsuites>
